2021-07-03 15:03:20 [main] INFO  o.s.b.t.c.SpringBootTestContextBootstrapper - Neither @ContextConfiguration nor @ContextHierarchy found for test class [com.microservices.demo.twitter.to.kafka.service.TwitterToKafkaServiceApplicationTests], using SpringBootContextLoader
2021-07-03 15:03:20 [main] INFO  o.s.t.c.s.AbstractContextLoader - Could not detect default resource locations for test class [com.microservices.demo.twitter.to.kafka.service.TwitterToKafkaServiceApplicationTests]: no resource found for suffixes {-context.xml, Context.groovy}.
2021-07-03 15:03:20 [main] INFO  o.s.t.c.s.AnnotationConfigContextLoaderUtils - Could not detect default configuration classes for test class [com.microservices.demo.twitter.to.kafka.service.TwitterToKafkaServiceApplicationTests]: TwitterToKafkaServiceApplicationTests does not declare any static, non-private, non-final, nested classes annotated with @Configuration.
2021-07-03 15:03:22 [main] INFO  o.s.b.t.c.SpringBootTestContextBootstrapper - Found @SpringBootConfiguration com.microservices.demo.twitter.to.kafka.service.TwitterToKafkaServiceApplication for test class com.microservices.demo.twitter.to.kafka.service.TwitterToKafkaServiceApplicationTests
2021-07-03 15:03:23 [main] INFO  o.s.b.t.c.SpringBootTestContextBootstrapper - Loaded default TestExecutionListener class names from location [META-INF/spring.factories]: [org.springframework.boot.test.mock.mockito.MockitoTestExecutionListener, org.springframework.boot.test.mock.mockito.ResetMocksTestExecutionListener, org.springframework.boot.test.autoconfigure.restdocs.RestDocsTestExecutionListener, org.springframework.boot.test.autoconfigure.web.client.MockRestServiceServerResetTestExecutionListener, org.springframework.boot.test.autoconfigure.web.servlet.MockMvcPrintOnlyOnFailureTestExecutionListener, org.springframework.boot.test.autoconfigure.web.servlet.WebDriverTestExecutionListener, org.springframework.boot.test.autoconfigure.webservices.client.MockWebServiceServerTestExecutionListener, org.springframework.test.context.web.ServletTestExecutionListener, org.springframework.test.context.support.DirtiesContextBeforeModesTestExecutionListener, org.springframework.test.context.event.ApplicationEventsTestExecutionListener, org.springframework.test.context.support.DependencyInjectionTestExecutionListener, org.springframework.test.context.support.DirtiesContextTestExecutionListener, org.springframework.test.context.transaction.TransactionalTestExecutionListener, org.springframework.test.context.jdbc.SqlScriptsTestExecutionListener, org.springframework.test.context.event.EventPublishingTestExecutionListener]
2021-07-03 15:03:24 [main] INFO  o.s.b.t.c.SpringBootTestContextBootstrapper - Using TestExecutionListeners: [org.springframework.test.context.support.DirtiesContextBeforeModesTestExecutionListener@29ef6856, org.springframework.test.context.event.ApplicationEventsTestExecutionListener@ab7a938, org.springframework.boot.test.mock.mockito.MockitoTestExecutionListener@3faf2e7d, org.springframework.boot.test.autoconfigure.SpringBootDependencyInjectionTestExecutionListener@4648ce9, org.springframework.test.context.support.DirtiesContextTestExecutionListener@569bf9eb, org.springframework.test.context.event.EventPublishingTestExecutionListener@61526469, org.springframework.boot.test.mock.mockito.ResetMocksTestExecutionListener@274872f8, org.springframework.boot.test.autoconfigure.restdocs.RestDocsTestExecutionListener@76ba13c, org.springframework.boot.test.autoconfigure.web.client.MockRestServiceServerResetTestExecutionListener@eb6449b, org.springframework.boot.test.autoconfigure.web.servlet.MockMvcPrintOnlyOnFailureTestExecutionListener@7c351808, org.springframework.boot.test.autoconfigure.web.servlet.WebDriverTestExecutionListener@180e6ac4, org.springframework.boot.test.autoconfigure.webservices.client.MockWebServiceServerTestExecutionListener@42b64ab8]
2021-07-03 15:03:32 [main] INFO  c.m.d.t.t.k.s.TwitterToKafkaServiceApplicationTests - Starting TwitterToKafkaServiceApplicationTests using Java 11.0.11 on LAPTOP-AOP1P8T8 with PID 6080 (started by Lenovo in C:\Users\Lenovo\Desktop\Kafka\Umy\eclipse workspace\Project\microservices.demo\twitter-to-kafka-service)
2021-07-03 15:03:32 [main] INFO  c.m.d.t.t.k.s.TwitterToKafkaServiceApplicationTests - No active profile set, falling back to default profiles: default
2021-07-03 15:03:40 [main] INFO  c.m.d.t.t.k.s.TwitterToKafkaServiceApplicationTests - Started TwitterToKafkaServiceApplicationTests in 15.394 seconds (JVM running for 47.961)
2021-07-03 15:03:40 [main] INFO  c.m.d.t.t.k.s.TwitterToKafkaServiceApplication - App starts...
2021-07-03 15:03:40 [main] INFO  c.m.d.t.t.k.s.TwitterToKafkaServiceApplication - [Java, Microservices, Kafka, Elasticsearch]
2021-07-03 15:03:40 [main] INFO  c.m.d.t.t.k.s.TwitterToKafkaServiceApplication - Hello microservices!
2021-07-03 15:03:40 [Twitter Stream consumer /  [1][initializing]] INFO  twitter4j.TwitterStreamImpl - Establishing connection.
2021-07-03 15:03:40 [main] INFO  c.m.d.t.t.k.s.r.i.TwitterKafkaStreamRunner - Started Filtering Configured Stream with the configured keywords [Java, Microservices, Kafka, Elasticsearch]
2021-07-03 15:03:45 [SpringApplicationShutdownHook] INFO  c.m.d.t.t.k.s.r.i.TwitterKafkaStreamRunner - Closing Twitter Stream ....
2021-07-03 15:08:39 [main] INFO  c.m.d.t.t.k.s.TwitterToKafkaServiceApplication - Starting TwitterToKafkaServiceApplication using Java 11.0.11 on LAPTOP-AOP1P8T8 with PID 5832 (C:\Users\Lenovo\Desktop\Kafka\Umy\eclipse workspace\Project\microservices.demo\twitter-to-kafka-service\target\classes started by Lenovo in C:\Users\Lenovo\Desktop\Kafka\Umy\eclipse workspace\Project\microservices.demo\twitter-to-kafka-service)
2021-07-03 15:08:39 [main] INFO  c.m.d.t.t.k.s.TwitterToKafkaServiceApplication - No active profile set, falling back to default profiles: default
2021-07-03 15:08:41 [main] INFO  c.m.d.t.t.k.s.TwitterToKafkaServiceApplication - Started TwitterToKafkaServiceApplication in 4.91 seconds (JVM running for 8.15)
2021-07-03 15:08:41 [main] INFO  c.m.d.t.t.k.s.TwitterToKafkaServiceApplication - App starts...
2021-07-03 15:08:41 [main] INFO  c.m.d.t.t.k.s.TwitterToKafkaServiceApplication - [Java, Microservices, Kafka, Elasticsearch]
2021-07-03 15:08:41 [main] INFO  c.m.d.t.t.k.s.TwitterToKafkaServiceApplication - Hello microservices!
2021-07-03 15:08:41 [Twitter Stream consumer /  [1][initializing]] INFO  twitter4j.TwitterStreamImpl - Establishing connection.
2021-07-03 15:08:41 [main] INFO  c.m.d.t.t.k.s.r.i.TwitterKafkaStreamRunner - Started Filtering Configured Stream with the configured keywords [Java, Microservices, Kafka, Elasticsearch]
2021-07-03 15:08:44 [Twitter Stream consumer /  [1][Establishing connection]] INFO  twitter4j.TwitterStreamImpl - 401:Authentication credentials (https://dev.twitter.com/pages/auth) were missing or incorrect. Ensure that you have set valid consumer key/secret, access token/secret, and the system clock is in sync.
<html>\n<head>\n<meta http-equiv="Content-Type" content="text/html; charset=utf-8"/>\n<title>Error 401 Unauthorized</title>
</head>
<body>
<h2>HTTP ERROR: 401</h2>
<p>Problem accessing '/1.1/statuses/filter.json'. Reason:
<pre>    Unauthorized</pre>
</body>
</html>

2021-07-03 15:08:44 [Twitter Stream consumer /  [1][Establishing connection]] INFO  twitter4j.TwitterStreamImpl - Waiting for 10000 milliseconds
2021-07-03 15:08:54 [Twitter Stream consumer /  [1][Waiting for 10000 milliseconds]] INFO  twitter4j.TwitterStreamImpl - Establishing connection.
2021-07-03 15:08:55 [Twitter Stream consumer /  [1][Establishing connection]] INFO  twitter4j.TwitterStreamImpl - 401:Authentication credentials (https://dev.twitter.com/pages/auth) were missing or incorrect. Ensure that you have set valid consumer key/secret, access token/secret, and the system clock is in sync.
<html>\n<head>\n<meta http-equiv="Content-Type" content="text/html; charset=utf-8"/>\n<title>Error 401 Unauthorized</title>
</head>
<body>
<h2>HTTP ERROR: 401</h2>
<p>Problem accessing '/1.1/statuses/filter.json'. Reason:
<pre>    Unauthorized</pre>
</body>
</html>

2021-07-03 15:08:55 [Twitter Stream consumer /  [1][Establishing connection]] INFO  twitter4j.TwitterStreamImpl - Waiting for 20000 milliseconds
2021-07-03 18:09:15 [main] INFO  c.m.d.t.t.k.s.TwitterToKafkaServiceApplication - Starting TwitterToKafkaServiceApplication using Java 11.0.11 on LAPTOP-AOP1P8T8 with PID 3608 (C:\Users\Lenovo\Desktop\Kafka\Umy\eclipse workspace\Project\microservices.demo\twitter-to-kafka-service\target\classes started by Lenovo in C:\Users\Lenovo\Desktop\Kafka\Umy\eclipse workspace\Project\microservices.demo\twitter-to-kafka-service)
2021-07-03 18:09:15 [main] INFO  c.m.d.t.t.k.s.TwitterToKafkaServiceApplication - No active profile set, falling back to default profiles: default
2021-07-03 18:09:18 [main] INFO  c.m.d.t.t.k.s.TwitterToKafkaServiceApplication - Started TwitterToKafkaServiceApplication in 4.944 seconds (JVM running for 8.54)
2021-07-03 18:09:18 [main] INFO  c.m.d.t.t.k.s.TwitterToKafkaServiceApplication - App starts...
2021-07-03 18:09:18 [main] INFO  c.m.d.t.t.k.s.TwitterToKafkaServiceApplication - [Java, Microservices, Kafka, Elasticsearch]
2021-07-03 18:09:18 [main] INFO  c.m.d.t.t.k.s.TwitterToKafkaServiceApplication - Hello microservices!
2021-07-03 18:09:18 [main] INFO  c.m.d.t.t.k.s.r.i.MockKafkaStreamRunner - Starting mock filtering twitter streams for keywords [Java, Microservices, Kafka, Elasticsearch]
2021-07-03 18:09:18 [pool-1-thread-1] INFO  c.m.d.t.t.k.s.l.TwitterKafkaStatusListener - Twitter Status with text malesuada sit sed posuere malesuada libero purus Maecenas Microservices massa massa malesuada pulvinar magna Fusce adipiscing
2021-07-03 18:09:28 [pool-1-thread-1] INFO  c.m.d.t.t.k.s.l.TwitterKafkaStatusListener - Twitter Status with text sed libero porttitor sed posuere Kafka pulvinar congue posuere libero
2021-07-03 18:09:38 [pool-1-thread-1] INFO  c.m.d.t.t.k.s.l.TwitterKafkaStatusListener - Twitter Status with text Lorem Fusce malesuada sit Elasticsearch sed sed ipsum
2021-07-03 18:09:48 [pool-1-thread-1] INFO  c.m.d.t.t.k.s.l.TwitterKafkaStatusListener - Twitter Status with text dolor consectetuer Maecenas dolor congue congue Lorem magna Microservices libero ultricies adipiscing Maecenas consectetuer pulvinar
2021-07-03 20:33:54 [main] INFO  c.m.d.t.t.k.s.TwitterToKafkaServiceApplication - Starting TwitterToKafkaServiceApplication using Java 11.0.11 on LAPTOP-AOP1P8T8 with PID 10872 (C:\Users\Lenovo\Desktop\Kafka\Umy\eclipse workspace\Project\microservices.demo\twitter-to-kafka-service\target\classes started by Lenovo in C:\Users\Lenovo\Desktop\Kafka\Umy\eclipse workspace\Project\microservices.demo\twitter-to-kafka-service)
2021-07-03 20:33:54 [main] INFO  c.m.d.t.t.k.s.TwitterToKafkaServiceApplication - No active profile set, falling back to default profiles: default
2021-07-03 20:33:57 [main] INFO  c.m.d.t.t.k.s.TwitterToKafkaServiceApplication - Started TwitterToKafkaServiceApplication in 6.45 seconds (JVM running for 9.519)
2021-07-03 20:33:57 [main] INFO  c.m.d.t.t.k.s.TwitterToKafkaServiceApplication - App starts...
2021-07-03 20:33:57 [main] INFO  c.m.d.t.t.k.s.TwitterToKafkaServiceApplication - [Java, Microservices, Kafka, Elasticsearch]
2021-07-03 20:33:57 [main] INFO  c.m.d.t.t.k.s.TwitterToKafkaServiceApplication - Hello microservices!
2021-07-03 20:33:57 [main] INFO  c.m.d.t.t.k.s.r.i.MockKafkaStreamRunner - Starting mock filtering twitter streams for keywords [Java, Microservices, Kafka, Elasticsearch]
2021-07-03 20:33:58 [pool-1-thread-1] INFO  c.m.d.t.t.k.s.l.TwitterKafkaStatusListener - Twitter Status with text adipiscing pulvinar adipiscing sed purus amet posuere Elasticsearch consectetuer massa dolor porttitor congue
